Copyright 1986-2022 Xilinx, Inc. All Rights Reserved.
------------------------------------------------------------------------------------------------------------------------------------------------------------------------------------------------------------------
| Tool Version : Vivado v.2022.1 (win64) Build 3526262 Mon Apr 18 15:48:16 MDT 2022
| Date         : Mon Oct 10 12:34:57 2022
| Host         : GIANCARLOAC78F9 running 64-bit major release  (build 9200)
| Command      : report_timing_summary -max_paths 10 -report_unconstrained -file WLA_top_timing_summary_routed.rpt -pb WLA_top_timing_summary_routed.pb -rpx WLA_top_timing_summary_routed.rpx -warn_on_violation
| Design       : WLA_top
| Device       : 7a35t-cpg236
| Speed File   : -1  PRODUCTION 1.23 2018-06-13
------------------------------------------------------------------------------------------------------------------------------------------------------------------------------------------------------------------

Timing Summary Report

------------------------------------------------------------------------------------------------
| Timer Settings
| --------------
------------------------------------------------------------------------------------------------

  Enable Multi Corner Analysis               :  Yes
  Enable Pessimism Removal                   :  Yes
  Pessimism Removal Resolution               :  Nearest Common Node
  Enable Input Delay Default Clock           :  No
  Enable Preset / Clear Arcs                 :  No
  Disable Flight Delays                      :  No
  Ignore I/O Paths                           :  No
  Timing Early Launch at Borrowing Latches   :  No
  Borrow Time for Max Delay Exceptions       :  Yes
  Merge Timing Exceptions                    :  Yes

  Corner  Analyze    Analyze    
  Name    Max Paths  Min Paths  
  ------  ---------  ---------  
  Slow    Yes        Yes        
  Fast    Yes        Yes        


------------------------------------------------------------------------------------------------
| Report Methodology
| ------------------
------------------------------------------------------------------------------------------------

Rule  Severity  Description  Violations  
----  --------  -----------  ----------  

Note: This report is based on the most recent report_methodology run and may not be up-to-date. Run report_methodology on the current design for the latest report.



check_timing report

Table of Contents
-----------------
1. checking no_clock (0)
2. checking constant_clock (0)
3. checking pulse_width_clock (0)
4. checking unconstrained_internal_endpoints (0)
5. checking no_input_delay (0)
6. checking no_output_delay (0)
7. checking multiple_clock (0)
8. checking generated_clocks (0)
9. checking loops (0)
10. checking partial_input_delay (0)
11. checking partial_output_delay (0)
12. checking latch_loops (0)

1. checking no_clock (0)
------------------------
 There are 0 register/latch pins with no clock.


2. checking constant_clock (0)
------------------------------
 There are 0 register/latch pins with constant_clock.


3. checking pulse_width_clock (0)
---------------------------------
 There are 0 register/latch pins which need pulse_width check


4. checking unconstrained_internal_endpoints (0)
------------------------------------------------
 There are 0 pins that are not constrained for maximum delay.

 There are 0 pins that are not constrained for maximum delay due to constant clock.


5. checking no_input_delay (0)
------------------------------
 There are 0 input ports with no input delay specified.

 There are 0 input ports with no input delay but user has a false path constraint.


6. checking no_output_delay (0)
-------------------------------
 There are 0 ports with no output delay specified.

 There are 0 ports with no output delay but user has a false path constraint

 There are 0 ports with no output delay but with a timing clock defined on it or propagating through it


7. checking multiple_clock (0)
------------------------------
 There are 0 register/latch pins with multiple clocks.


8. checking generated_clocks (0)
--------------------------------
 There are 0 generated clocks that are not connected to a clock source.


9. checking loops (0)
---------------------
 There are 0 combinational loops in the design.


10. checking partial_input_delay (0)
------------------------------------
 There are 0 input ports with partial input delay specified.


11. checking partial_output_delay (0)
-------------------------------------
 There are 0 ports with partial output delay specified.


12. checking latch_loops (0)
----------------------------
 There are 0 combinational latch loops in the design through latch input



------------------------------------------------------------------------------------------------
| Design Timing Summary
| ---------------------
------------------------------------------------------------------------------------------------

    WNS(ns)      TNS(ns)  TNS Failing Endpoints  TNS Total Endpoints      WHS(ns)      THS(ns)  THS Failing Endpoints  THS Total Endpoints     WPWS(ns)     TPWS(ns)  TPWS Failing Endpoints  TPWS Total Endpoints  
    -------      -------  ---------------------  -------------------      -------      -------  ---------------------  -------------------     --------     --------  ----------------------  --------------------  
        inf        0.000                      0                    2          inf        0.000                      0                    2           NA           NA                      NA                    NA  


There are no user specified timing constraints.


------------------------------------------------------------------------------------------------
| Clock Summary
| -------------
------------------------------------------------------------------------------------------------


------------------------------------------------------------------------------------------------
| Intra Clock Table
| -----------------
------------------------------------------------------------------------------------------------

Clock             WNS(ns)      TNS(ns)  TNS Failing Endpoints  TNS Total Endpoints      WHS(ns)      THS(ns)  THS Failing Endpoints  THS Total Endpoints     WPWS(ns)     TPWS(ns)  TPWS Failing Endpoints  TPWS Total Endpoints  
-----             -------      -------  ---------------------  -------------------      -------      -------  ---------------------  -------------------     --------     --------  ----------------------  --------------------  


------------------------------------------------------------------------------------------------
| Inter Clock Table
| -----------------
------------------------------------------------------------------------------------------------

From Clock    To Clock          WNS(ns)      TNS(ns)  TNS Failing Endpoints  TNS Total Endpoints      WHS(ns)      THS(ns)  THS Failing Endpoints  THS Total Endpoints  
----------    --------          -------      -------  ---------------------  -------------------      -------      -------  ---------------------  -------------------  


------------------------------------------------------------------------------------------------
| Other Path Groups Table
| -----------------------
------------------------------------------------------------------------------------------------

Path Group    From Clock    To Clock          WNS(ns)      TNS(ns)  TNS Failing Endpoints  TNS Total Endpoints      WHS(ns)      THS(ns)  THS Failing Endpoints  THS Total Endpoints  
----------    ----------    --------          -------      -------  ---------------------  -------------------      -------      -------  ---------------------  -------------------  


------------------------------------------------------------------------------------------------
| User Ignored Path Table
| -----------------------
------------------------------------------------------------------------------------------------

Path Group    From Clock    To Clock    
----------    ----------    --------    


------------------------------------------------------------------------------------------------
| Unconstrained Path Table
| ------------------------
------------------------------------------------------------------------------------------------

Path Group    From Clock    To Clock    
----------    ----------    --------    
(none)                                    


------------------------------------------------------------------------------------------------
| Timing Details
| --------------
------------------------------------------------------------------------------------------------


--------------------------------------------------------------------------------------
Path Group:  (none)
From Clock:  
  To Clock:  

Max Delay             2 Endpoints
Min Delay             2 Endpoints
--------------------------------------------------------------------------------------


Max Delay Paths
--------------------------------------------------------------------------------------
Slack:                    inf
  Source:                 w2
                            (input port)
  Destination:            wHIGH
                            (output port)
  Path Group:             (none)
  Path Type:              Max at Slow Process Corner
  Data Path Delay:        8.911ns  (logic 5.118ns (57.426%)  route 3.794ns (42.574%))
  Logic Levels:           3  (IBUF=1 LUT2=1 OBUF=1)

    Location             Delay type                Incr(ns)  Path(ns)    Netlist Resource(s)
  -------------------------------------------------------------------    -------------------
    W16                                               0.000     0.000 r  w2 (IN)
                         net (fo=0)                   0.000     0.000    w2
    W16                  IBUF (Prop_ibuf_I_O)         1.464     1.464 r  w2_IBUF_inst/O
                         net (fo=2, routed)           1.363     2.827    w2_IBUF
    SLICE_X0Y12          LUT2 (Prop_lut2_I0_O)        0.124     2.951 r  wHIGH_OBUF_inst_i_1/O
                         net (fo=1, routed)           2.431     5.382    wHIGH_OBUF
    E19                  OBUF (Prop_obuf_I_O)         3.530     8.911 r  wHIGH_OBUF_inst/O
                         net (fo=0)                   0.000     8.911    wHIGH
    E19                                                               r  wHIGH (OUT)
  -------------------------------------------------------------------    -------------------

Slack:                    inf
  Source:                 w0
                            (input port)
  Destination:            wLOW
                            (output port)
  Path Group:             (none)
  Path Type:              Max at Slow Process Corner
  Data Path Delay:        8.029ns  (logic 5.082ns (63.294%)  route 2.947ns (36.706%))
  Logic Levels:           3  (IBUF=1 LUT3=1 OBUF=1)

    Location             Delay type                Incr(ns)  Path(ns)    Netlist Resource(s)
  -------------------------------------------------------------------    -------------------
    V17                                               0.000     0.000 f  w0 (IN)
                         net (fo=0)                   0.000     0.000    w0
    V17                  IBUF (Prop_ibuf_I_O)         1.453     1.453 f  w0_IBUF_inst/O
                         net (fo=1, routed)           1.070     2.523    m1/w0_IBUF
    SLICE_X0Y11          LUT3 (Prop_lut3_I2_O)        0.124     2.647 r  m1/wLOW/O
                         net (fo=1, routed)           1.877     4.524    wLOW_OBUF
    U16                  OBUF (Prop_obuf_I_O)         3.505     8.029 r  wLOW_OBUF_inst/O
                         net (fo=0)                   0.000     8.029    wLOW
    U16                                                               r  wLOW (OUT)
  -------------------------------------------------------------------    -------------------





Min Delay Paths
--------------------------------------------------------------------------------------
Slack:                    inf
  Source:                 w1
                            (input port)
  Destination:            wLOW
                            (output port)
  Path Group:             (none)
  Path Type:              Min at Fast Process Corner
  Data Path Delay:        2.263ns  (logic 1.480ns (65.416%)  route 0.783ns (34.584%))
  Logic Levels:           3  (IBUF=1 LUT3=1 OBUF=1)

    Location             Delay type                Incr(ns)  Path(ns)    Netlist Resource(s)
  -------------------------------------------------------------------    -------------------
    V16                                               0.000     0.000 f  w1 (IN)
                         net (fo=0)                   0.000     0.000    w1
    V16                  IBUF (Prop_ibuf_I_O)         0.229     0.229 f  w1_IBUF_inst/O
                         net (fo=2, routed)           0.355     0.585    m1/w1_IBUF
    SLICE_X0Y11          LUT3 (Prop_lut3_I1_O)        0.045     0.630 r  m1/wLOW/O
                         net (fo=1, routed)           0.427     1.057    wLOW_OBUF
    U16                  OBUF (Prop_obuf_I_O)         1.206     2.263 r  wLOW_OBUF_inst/O
                         net (fo=0)                   0.000     2.263    wLOW
    U16                                                               r  wLOW (OUT)
  -------------------------------------------------------------------    -------------------

Slack:                    inf
  Source:                 w1
                            (input port)
  Destination:            wHIGH
                            (output port)
  Path Group:             (none)
  Path Type:              Min at Fast Process Corner
  Data Path Delay:        2.549ns  (logic 1.505ns (59.032%)  route 1.044ns (40.968%))
  Logic Levels:           3  (IBUF=1 LUT2=1 OBUF=1)

    Location             Delay type                Incr(ns)  Path(ns)    Netlist Resource(s)
  -------------------------------------------------------------------    -------------------
    V16                                               0.000     0.000 r  w1 (IN)
                         net (fo=0)                   0.000     0.000    w1
    V16                  IBUF (Prop_ibuf_I_O)         0.229     0.229 r  w1_IBUF_inst/O
                         net (fo=2, routed)           0.410     0.640    w1_IBUF
    SLICE_X0Y12          LUT2 (Prop_lut2_I1_O)        0.045     0.685 r  wHIGH_OBUF_inst_i_1/O
                         net (fo=1, routed)           0.634     1.319    wHIGH_OBUF
    E19                  OBUF (Prop_obuf_I_O)         1.231     2.549 r  wHIGH_OBUF_inst/O
                         net (fo=0)                   0.000     2.549    wHIGH
    E19                                                               r  wHIGH (OUT)
  -------------------------------------------------------------------    -------------------





